<?xml version='1.0'?>
<ns2:test-suite xmlns:ns2='urn:model.allure.qatools.yandex.ru' start='1521120765590' stop='1521120784321'>
    <name>Protractor Demo</name>
    <title>Protractor Demo</title>
    <test-cases>
        <test-case start='1521120765590' status='failed' stop='1521120775975'>
            <name>should successfully LOGIN and SELECT A PROPERTY -Fair (Eg.,)</name>
            <title>should successfully LOGIN and SELECT A PROPERTY -Fair (Eg.,)</title>
            <labels/>
            <parameters/>
            <steps/>
            <attachments/>
            <failure>
                <message>Failed: ECONNREFUSED connect ECONNREFUSED 127.0.0.1:4444</message>
                <stack-trace>Error: ECONNREFUSED connect ECONNREFUSED 127.0.0.1:4444
                    at ClientRequest.&lt;anonymous> (C:\Users\vbadugu\AppData\Roaming\npm\node_modules\protractor\node_modules\selenium-webdriver\http\index.js:238:15)
                    at emitOne (events.js:96:13)
                    at ClientRequest.emit (events.js:188:7)
                    at Socket.socketErrorListener (_http_client.js:310:9)
                    at emitOne (events.js:96:13)
                    at Socket.emit (events.js:188:7)
                    at emitErrorNT (net.js:1281:8)
                    at _combinedTickCallback (internal/process/next_tick.js:80:11)
                    at process._tickCallback (internal/process/next_tick.js:104:9)
                From: Task: Protractor.waitForAngular() - Locator: by.model("login.user.username")
                    at ControlFlow.browser.driver.controlFlow.execute (C:\Users\vbadugu\Desktop\Protractor\tests\unit\loginpage\login.js:26:23)
                    at thenableWebDriverProxy.schedule (C:\Users\vbadugu\AppData\Roaming\npm\node_modules\protractor\node_modules\selenium-webdriver\lib\webdriver.js:807:17)
                    at ProtractorBrowser.executeAsyncScript_ (C:\Users\vbadugu\AppData\Roaming\npm\node_modules\protractor\built\browser.js:425:28)
                    at angularAppRoot.then (C:\Users\vbadugu\AppData\Roaming\npm\node_modules\protractor\built\browser.js:456:33)
                    at ManagedPromise.invokeCallback_ (C:\Users\vbadugu\AppData\Roaming\npm\node_modules\protractor\node_modules\selenium-webdriver\lib\promise.js:1376:14)
                    at TaskQueue.execute_ (C:\Users\vbadugu\AppData\Roaming\npm\node_modules\protractor\node_modules\selenium-webdriver\lib\promise.js:3084:14)
                    at TaskQueue.executeNext_ (C:\Users\vbadugu\AppData\Roaming\npm\node_modules\protractor\node_modules\selenium-webdriver\lib\promise.js:3067:27)
                    at asyncRun (C:\Users\vbadugu\AppData\Roaming\npm\node_modules\protractor\node_modules\selenium-webdriver\lib\promise.js:2927:27)
                    at C:\Users\vbadugu\AppData\Roaming\npm\node_modules\protractor\node_modules\selenium-webdriver\lib\promise.js:668:7Error
                    at ElementArrayFinder.applyAction_ (C:\Users\vbadugu\AppData\Roaming\npm\node_modules\protractor\built\element.js:459:27)
                    at ElementArrayFinder.(anonymous function) [as sendKeys] (C:\Users\vbadugu\AppData\Roaming\npm\node_modules\protractor\built\element.js:91:29)
                    at ElementFinder.(anonymous function) [as sendKeys] (C:\Users\vbadugu\AppData\Roaming\npm\node_modules\protractor\built\element.js:831:22)
                    at UserContext.&lt;anonymous> (C:\Users\vbadugu\Desktop\Protractor\tests\unit\loginpage\login.js:42:15)
                    at C:\Users\vbadugu\AppData\Roaming\npm\node_modules\protractor\node_modules\jasminewd2\index.js:112:25
                    at new ManagedPromise (C:\Users\vbadugu\AppData\Roaming\npm\node_modules\protractor\node_modules\selenium-webdriver\lib\promise.js:1077:7)
                    at ControlFlow.promise (C:\Users\vbadugu\AppData\Roaming\npm\node_modules\protractor\node_modules\selenium-webdriver\lib\promise.js:2505:12)
                    at schedulerExecute (C:\Users\vbadugu\AppData\Roaming\npm\node_modules\protractor\node_modules\jasminewd2\index.js:95:18)
                    at TaskQueue.execute_ (C:\Users\vbadugu\AppData\Roaming\npm\node_modules\protractor\node_modules\selenium-webdriver\lib\promise.js:3084:14)
                    at TaskQueue.executeNext_ (C:\Users\vbadugu\AppData\Roaming\npm\node_modules\protractor\node_modules\selenium-webdriver\lib\promise.js:3067:27)
                From: Task: Run it("should successfully LOGIN and SELECT A PROPERTY -Fair (Eg.,)") in control flow
                    at ControlFlow.browser.driver.controlFlow.execute (C:\Users\vbadugu\Desktop\Protractor\tests\unit\loginpage\login.js:26:23)
                    at UserContext.&lt;anonymous> (C:\Users\vbadugu\AppData\Roaming\npm\node_modules\protractor\node_modules\jasminewd2\index.js:94:19)
                    at attempt (C:\Users\vbadugu\AppData\Roaming\npm\node_modules\protractor\node_modules\jasmine-core\lib\jasmine-core\jasmine.js:4297:26)
                    at QueueRunner.run (C:\Users\vbadugu\AppData\Roaming\npm\node_modules\protractor\node_modules\jasmine-core\lib\jasmine-core\jasmine.js:4217:20)
                    at runNext (C:\Users\vbadugu\AppData\Roaming\npm\node_modules\protractor\node_modules\jasmine-core\lib\jasmine-core\jasmine.js:4257:20)
                    at C:\Users\vbadugu\AppData\Roaming\npm\node_modules\protractor\node_modules\jasmine-core\lib\jasmine-core\jasmine.js:4264:13
                    at C:\Users\vbadugu\AppData\Roaming\npm\node_modules\protractor\node_modules\jasmine-core\lib\jasmine-core\jasmine.js:4172:9
                    at C:\Users\vbadugu\AppData\Roaming\npm\node_modules\protractor\node_modules\jasminewd2\index.js:64:48
                    at ControlFlow.emit (C:\Users\vbadugu\AppData\Roaming\npm\node_modules\protractor\node_modules\selenium-webdriver\lib\events.js:62:21)
                    at ControlFlow.shutdown_ (C:\Users\vbadugu\AppData\Roaming\npm\node_modules\protractor\node_modules\selenium-webdriver\lib\promise.js:2674:10)
                From asynchronous test: 
                Error
                    at Suite.&lt;anonymous> (C:\Users\vbadugu\Desktop\Protractor\tests\unit\loginpage\login.js:39:5)
                    at addSpecsToSuite (C:\Users\vbadugu\AppData\Roaming\npm\node_modules\protractor\node_modules\jasmine-core\lib\jasmine-core\jasmine.js:1107:25)
                    at Env.describe (C:\Users\vbadugu\AppData\Roaming\npm\node_modules\protractor\node_modules\jasmine-core\lib\jasmine-core\jasmine.js:1074:7)
                    at describe (C:\Users\vbadugu\AppData\Roaming\npm\node_modules\protractor\node_modules\jasmine-core\lib\jasmine-core\jasmine.js:4399:18)
                    at Object.&lt;anonymous> (C:\Users\vbadugu\Desktop\Protractor\tests\unit\loginpage\login.js:6:1)
                    at Module._compile (module.js:570:32)
                    at Object.Module._extensions..js (module.js:579:10)
                    at Module.load (module.js:487:32)
                    at tryModuleLoad (module.js:446:12)</stack-trace>
            </failure>
        </test-case>
        <test-case start='1521120775975' status='failed' stop='1521120778792'>
            <name>should navigate to BUDGETING Page successfully</name>
            <title>should navigate to BUDGETING Page successfully</title>
            <labels/>
            <parameters/>
            <steps/>
            <attachments/>
            <failure>
                <message>Failed: ECONNREFUSED connect ECONNREFUSED 127.0.0.1:4444</message>
                <stack-trace>Error: ECONNREFUSED connect ECONNREFUSED 127.0.0.1:4444
                    at ClientRequest.&lt;anonymous> (C:\Users\vbadugu\AppData\Roaming\npm\node_modules\protractor\node_modules\selenium-webdriver\http\index.js:238:15)
                    at emitOne (events.js:96:13)
                    at ClientRequest.emit (events.js:188:7)
                    at Socket.socketErrorListener (_http_client.js:310:9)
                    at emitOne (events.js:96:13)
                    at Socket.emit (events.js:188:7)
                    at emitErrorNT (net.js:1281:8)
                    at _combinedTickCallback (internal/process/next_tick.js:80:11)
                    at process._tickCallback (internal/process/next_tick.js:104:9)
                From: Task: WebDriver.findElements(By(css selector, .rp-global-nav-toggle))
                    at ControlFlow.browser.driver.controlFlow.execute (C:\Users\vbadugu\Desktop\Protractor\tests\unit\loginpage\login.js:26:23)
                    at thenableWebDriverProxy.schedule (C:\Users\vbadugu\AppData\Roaming\npm\node_modules\protractor\node_modules\selenium-webdriver\lib\webdriver.js:807:17)
                    at thenableWebDriverProxy.findElements (C:\Users\vbadugu\AppData\Roaming\npm\node_modules\protractor\node_modules\selenium-webdriver\lib\webdriver.js:1048:19)
                    at ptor.waitForAngular.then (C:\Users\vbadugu\AppData\Roaming\npm\node_modules\protractor\built\element.js:159:44)
                    at ManagedPromise.invokeCallback_ (C:\Users\vbadugu\AppData\Roaming\npm\node_modules\protractor\node_modules\selenium-webdriver\lib\promise.js:1376:14)
                    at TaskQueue.execute_ (C:\Users\vbadugu\AppData\Roaming\npm\node_modules\protractor\node_modules\selenium-webdriver\lib\promise.js:3084:14)
                    at TaskQueue.executeNext_ (C:\Users\vbadugu\AppData\Roaming\npm\node_modules\protractor\node_modules\selenium-webdriver\lib\promise.js:3067:27)
                    at asyncRun (C:\Users\vbadugu\AppData\Roaming\npm\node_modules\protractor\node_modules\selenium-webdriver\lib\promise.js:2927:27)
                    at C:\Users\vbadugu\AppData\Roaming\npm\node_modules\protractor\node_modules\selenium-webdriver\lib\promise.js:668:7Error
                    at ElementArrayFinder.applyAction_ (C:\Users\vbadugu\AppData\Roaming\npm\node_modules\protractor\built\element.js:459:27)
                    at ElementArrayFinder.(anonymous function) [as click] (C:\Users\vbadugu\AppData\Roaming\npm\node_modules\protractor\built\element.js:91:29)
                    at ElementFinder.(anonymous function) [as click] (C:\Users\vbadugu\AppData\Roaming\npm\node_modules\protractor\built\element.js:831:22)
                    at UserContext.&lt;anonymous> (C:\Users\vbadugu\Desktop\Protractor\tests\unit\loginpage\login.js:101:50)
                    at C:\Users\vbadugu\AppData\Roaming\npm\node_modules\protractor\node_modules\jasminewd2\index.js:112:25
                    at new ManagedPromise (C:\Users\vbadugu\AppData\Roaming\npm\node_modules\protractor\node_modules\selenium-webdriver\lib\promise.js:1077:7)
                    at ControlFlow.promise (C:\Users\vbadugu\AppData\Roaming\npm\node_modules\protractor\node_modules\selenium-webdriver\lib\promise.js:2505:12)
                    at schedulerExecute (C:\Users\vbadugu\AppData\Roaming\npm\node_modules\protractor\node_modules\jasminewd2\index.js:95:18)
                    at TaskQueue.execute_ (C:\Users\vbadugu\AppData\Roaming\npm\node_modules\protractor\node_modules\selenium-webdriver\lib\promise.js:3084:14)
                    at TaskQueue.executeNext_ (C:\Users\vbadugu\AppData\Roaming\npm\node_modules\protractor\node_modules\selenium-webdriver\lib\promise.js:3067:27)
                From: Task: Run it("should navigate to BUDGETING Page successfully") in control flow
                    at ControlFlow.browser.driver.controlFlow.execute (C:\Users\vbadugu\Desktop\Protractor\tests\unit\loginpage\login.js:26:23)
                    at UserContext.&lt;anonymous> (C:\Users\vbadugu\AppData\Roaming\npm\node_modules\protractor\node_modules\jasminewd2\index.js:94:19)
                    at attempt (C:\Users\vbadugu\AppData\Roaming\npm\node_modules\protractor\node_modules\jasmine-core\lib\jasmine-core\jasmine.js:4297:26)
                    at QueueRunner.run (C:\Users\vbadugu\AppData\Roaming\npm\node_modules\protractor\node_modules\jasmine-core\lib\jasmine-core\jasmine.js:4217:20)
                    at runNext (C:\Users\vbadugu\AppData\Roaming\npm\node_modules\protractor\node_modules\jasmine-core\lib\jasmine-core\jasmine.js:4257:20)
                    at C:\Users\vbadugu\AppData\Roaming\npm\node_modules\protractor\node_modules\jasmine-core\lib\jasmine-core\jasmine.js:4264:13
                    at C:\Users\vbadugu\AppData\Roaming\npm\node_modules\protractor\node_modules\jasmine-core\lib\jasmine-core\jasmine.js:4172:9
                    at C:\Users\vbadugu\AppData\Roaming\npm\node_modules\protractor\node_modules\jasminewd2\index.js:64:48
                    at ControlFlow.emit (C:\Users\vbadugu\AppData\Roaming\npm\node_modules\protractor\node_modules\selenium-webdriver\lib\events.js:62:21)
                    at ControlFlow.shutdown_ (C:\Users\vbadugu\AppData\Roaming\npm\node_modules\protractor\node_modules\selenium-webdriver\lib\promise.js:2674:10)
                From asynchronous test: 
                Error
                    at Suite.&lt;anonymous> (C:\Users\vbadugu\Desktop\Protractor\tests\unit\loginpage\login.js:99:5)
                    at addSpecsToSuite (C:\Users\vbadugu\AppData\Roaming\npm\node_modules\protractor\node_modules\jasmine-core\lib\jasmine-core\jasmine.js:1107:25)
                    at Env.describe (C:\Users\vbadugu\AppData\Roaming\npm\node_modules\protractor\node_modules\jasmine-core\lib\jasmine-core\jasmine.js:1074:7)
                    at describe (C:\Users\vbadugu\AppData\Roaming\npm\node_modules\protractor\node_modules\jasmine-core\lib\jasmine-core\jasmine.js:4399:18)
                    at Object.&lt;anonymous> (C:\Users\vbadugu\Desktop\Protractor\tests\unit\loginpage\login.js:6:1)
                    at Module._compile (module.js:570:32)
                    at Object.Module._extensions..js (module.js:579:10)
                    at Module.load (module.js:487:32)
                    at tryModuleLoad (module.js:446:12)</stack-trace>
            </failure>
        </test-case>
        <test-case start='1521120778792' status='failed' stop='1521120781521'>
            <name>should navigate to BUDGETING Page and verify product Name</name>
            <title>should navigate to BUDGETING Page and verify product Name</title>
            <labels/>
            <parameters/>
            <steps/>
            <attachments/>
            <failure>
                <message>Failed: ECONNREFUSED connect ECONNREFUSED 127.0.0.1:4444</message>
                <stack-trace>Error: ECONNREFUSED connect ECONNREFUSED 127.0.0.1:4444
                    at ClientRequest.&lt;anonymous> (C:\Users\vbadugu\AppData\Roaming\npm\node_modules\protractor\node_modules\selenium-webdriver\http\index.js:238:15)
                    at emitOne (events.js:96:13)
                    at ClientRequest.emit (events.js:188:7)
                    at Socket.socketErrorListener (_http_client.js:310:9)
                    at emitOne (events.js:96:13)
                    at Socket.emit (events.js:188:7)
                    at emitErrorNT (net.js:1281:8)
                    at _combinedTickCallback (internal/process/next_tick.js:80:11)
                    at process._tickCallback (internal/process/next_tick.js:104:9)
                From: Task: WebDriver.findElements(By(css selector, .product-name))
                    at ControlFlow.browser.driver.controlFlow.execute (C:\Users\vbadugu\Desktop\Protractor\tests\unit\loginpage\login.js:26:23)
                    at thenableWebDriverProxy.schedule (C:\Users\vbadugu\AppData\Roaming\npm\node_modules\protractor\node_modules\selenium-webdriver\lib\webdriver.js:807:17)
                    at thenableWebDriverProxy.findElements (C:\Users\vbadugu\AppData\Roaming\npm\node_modules\protractor\node_modules\selenium-webdriver\lib\webdriver.js:1048:19)
                    at ptor.waitForAngular.then (C:\Users\vbadugu\AppData\Roaming\npm\node_modules\protractor\built\element.js:159:44)
                    at ManagedPromise.invokeCallback_ (C:\Users\vbadugu\AppData\Roaming\npm\node_modules\protractor\node_modules\selenium-webdriver\lib\promise.js:1376:14)
                    at TaskQueue.execute_ (C:\Users\vbadugu\AppData\Roaming\npm\node_modules\protractor\node_modules\selenium-webdriver\lib\promise.js:3084:14)
                    at TaskQueue.executeNext_ (C:\Users\vbadugu\AppData\Roaming\npm\node_modules\protractor\node_modules\selenium-webdriver\lib\promise.js:3067:27)
                    at asyncRun (C:\Users\vbadugu\AppData\Roaming\npm\node_modules\protractor\node_modules\selenium-webdriver\lib\promise.js:2927:27)
                    at C:\Users\vbadugu\AppData\Roaming\npm\node_modules\protractor\node_modules\selenium-webdriver\lib\promise.js:668:7Error
                    at ElementArrayFinder.applyAction_ (C:\Users\vbadugu\AppData\Roaming\npm\node_modules\protractor\built\element.js:459:27)
                    at ElementArrayFinder.(anonymous function) [as getText] (C:\Users\vbadugu\AppData\Roaming\npm\node_modules\protractor\built\element.js:91:29)
                    at ElementFinder.(anonymous function) [as getText] (C:\Users\vbadugu\AppData\Roaming\npm\node_modules\protractor\built\element.js:831:22)
                    at UserContext.&lt;anonymous> (C:\Users\vbadugu\Desktop\Protractor\tests\unit\loginpage\login.js:112:19)
                    at C:\Users\vbadugu\AppData\Roaming\npm\node_modules\protractor\node_modules\jasminewd2\index.js:112:25
                    at new ManagedPromise (C:\Users\vbadugu\AppData\Roaming\npm\node_modules\protractor\node_modules\selenium-webdriver\lib\promise.js:1077:7)
                    at ControlFlow.promise (C:\Users\vbadugu\AppData\Roaming\npm\node_modules\protractor\node_modules\selenium-webdriver\lib\promise.js:2505:12)
                    at schedulerExecute (C:\Users\vbadugu\AppData\Roaming\npm\node_modules\protractor\node_modules\jasminewd2\index.js:95:18)
                    at TaskQueue.execute_ (C:\Users\vbadugu\AppData\Roaming\npm\node_modules\protractor\node_modules\selenium-webdriver\lib\promise.js:3084:14)
                    at TaskQueue.executeNext_ (C:\Users\vbadugu\AppData\Roaming\npm\node_modules\protractor\node_modules\selenium-webdriver\lib\promise.js:3067:27)
                From: Task: Run it("should navigate to BUDGETING Page and verify product Name") in control flow
                    at ControlFlow.browser.driver.controlFlow.execute (C:\Users\vbadugu\Desktop\Protractor\tests\unit\loginpage\login.js:26:23)
                    at UserContext.&lt;anonymous> (C:\Users\vbadugu\AppData\Roaming\npm\node_modules\protractor\node_modules\jasminewd2\index.js:94:19)
                    at attempt (C:\Users\vbadugu\AppData\Roaming\npm\node_modules\protractor\node_modules\jasmine-core\lib\jasmine-core\jasmine.js:4297:26)
                    at QueueRunner.run (C:\Users\vbadugu\AppData\Roaming\npm\node_modules\protractor\node_modules\jasmine-core\lib\jasmine-core\jasmine.js:4217:20)
                    at runNext (C:\Users\vbadugu\AppData\Roaming\npm\node_modules\protractor\node_modules\jasmine-core\lib\jasmine-core\jasmine.js:4257:20)
                    at C:\Users\vbadugu\AppData\Roaming\npm\node_modules\protractor\node_modules\jasmine-core\lib\jasmine-core\jasmine.js:4264:13
                    at C:\Users\vbadugu\AppData\Roaming\npm\node_modules\protractor\node_modules\jasmine-core\lib\jasmine-core\jasmine.js:4172:9
                    at C:\Users\vbadugu\AppData\Roaming\npm\node_modules\protractor\node_modules\jasminewd2\index.js:64:48
                    at ControlFlow.emit (C:\Users\vbadugu\AppData\Roaming\npm\node_modules\protractor\node_modules\selenium-webdriver\lib\events.js:62:21)
                    at ControlFlow.shutdown_ (C:\Users\vbadugu\AppData\Roaming\npm\node_modules\protractor\node_modules\selenium-webdriver\lib\promise.js:2674:10)
                From asynchronous test: 
                Error
                    at Suite.&lt;anonymous> (C:\Users\vbadugu\Desktop\Protractor\tests\unit\loginpage\login.js:108:5)
                    at addSpecsToSuite (C:\Users\vbadugu\AppData\Roaming\npm\node_modules\protractor\node_modules\jasmine-core\lib\jasmine-core\jasmine.js:1107:25)
                    at Env.describe (C:\Users\vbadugu\AppData\Roaming\npm\node_modules\protractor\node_modules\jasmine-core\lib\jasmine-core\jasmine.js:1074:7)
                    at describe (C:\Users\vbadugu\AppData\Roaming\npm\node_modules\protractor\node_modules\jasmine-core\lib\jasmine-core\jasmine.js:4399:18)
                    at Object.&lt;anonymous> (C:\Users\vbadugu\Desktop\Protractor\tests\unit\loginpage\login.js:6:1)
                    at Module._compile (module.js:570:32)
                    at Object.Module._extensions..js (module.js:579:10)
                    at Module.load (module.js:487:32)
                    at tryModuleLoad (module.js:446:12)</stack-trace>
            </failure>
        </test-case>
        <test-case start='1521120781521' status='failed' stop='1521120784320'>
            <name>should signout successfully</name>
            <title>should signout successfully</title>
            <labels/>
            <parameters/>
            <steps/>
            <attachments/>
            <failure>
                <message>Failed: ECONNREFUSED connect ECONNREFUSED 127.0.0.1:4444</message>
                <stack-trace>Error: ECONNREFUSED connect ECONNREFUSED 127.0.0.1:4444
                    at ClientRequest.&lt;anonymous> (C:\Users\vbadugu\AppData\Roaming\npm\node_modules\protractor\node_modules\selenium-webdriver\http\index.js:238:15)
                    at emitOne (events.js:96:13)
                    at ClientRequest.emit (events.js:188:7)
                    at Socket.socketErrorListener (_http_client.js:310:9)
                    at emitOne (events.js:96:13)
                    at Socket.emit (events.js:188:7)
                    at emitErrorNT (net.js:1281:8)
                    at _combinedTickCallback (internal/process/next_tick.js:80:11)
                    at process._tickCallback (internal/process/next_tick.js:104:9)
                From: Task: WebDriver.findElements(By(css selector, .rp-gh-user-name))
                    at ControlFlow.browser.driver.controlFlow.execute (C:\Users\vbadugu\Desktop\Protractor\tests\unit\loginpage\login.js:26:23)
                    at thenableWebDriverProxy.schedule (C:\Users\vbadugu\AppData\Roaming\npm\node_modules\protractor\node_modules\selenium-webdriver\lib\webdriver.js:807:17)
                    at thenableWebDriverProxy.findElements (C:\Users\vbadugu\AppData\Roaming\npm\node_modules\protractor\node_modules\selenium-webdriver\lib\webdriver.js:1048:19)
                    at ptor.waitForAngular.then (C:\Users\vbadugu\AppData\Roaming\npm\node_modules\protractor\built\element.js:159:44)
                    at ManagedPromise.invokeCallback_ (C:\Users\vbadugu\AppData\Roaming\npm\node_modules\protractor\node_modules\selenium-webdriver\lib\promise.js:1376:14)
                    at TaskQueue.execute_ (C:\Users\vbadugu\AppData\Roaming\npm\node_modules\protractor\node_modules\selenium-webdriver\lib\promise.js:3084:14)
                    at TaskQueue.executeNext_ (C:\Users\vbadugu\AppData\Roaming\npm\node_modules\protractor\node_modules\selenium-webdriver\lib\promise.js:3067:27)
                    at asyncRun (C:\Users\vbadugu\AppData\Roaming\npm\node_modules\protractor\node_modules\selenium-webdriver\lib\promise.js:2927:27)
                    at C:\Users\vbadugu\AppData\Roaming\npm\node_modules\protractor\node_modules\selenium-webdriver\lib\promise.js:668:7Error
                    at ElementArrayFinder.applyAction_ (C:\Users\vbadugu\AppData\Roaming\npm\node_modules\protractor\built\element.js:459:27)
                    at ElementArrayFinder.(anonymous function) [as click] (C:\Users\vbadugu\AppData\Roaming\npm\node_modules\protractor\built\element.js:91:29)
                    at ElementFinder.(anonymous function) [as click] (C:\Users\vbadugu\AppData\Roaming\npm\node_modules\protractor\built\element.js:831:22)
                    at UserContext.&lt;anonymous> (C:\Users\vbadugu\Desktop\Protractor\tests\unit\loginpage\login.js:122:45)
                    at C:\Users\vbadugu\AppData\Roaming\npm\node_modules\protractor\node_modules\jasminewd2\index.js:112:25
                    at new ManagedPromise (C:\Users\vbadugu\AppData\Roaming\npm\node_modules\protractor\node_modules\selenium-webdriver\lib\promise.js:1077:7)
                    at ControlFlow.promise (C:\Users\vbadugu\AppData\Roaming\npm\node_modules\protractor\node_modules\selenium-webdriver\lib\promise.js:2505:12)
                    at schedulerExecute (C:\Users\vbadugu\AppData\Roaming\npm\node_modules\protractor\node_modules\jasminewd2\index.js:95:18)
                    at TaskQueue.execute_ (C:\Users\vbadugu\AppData\Roaming\npm\node_modules\protractor\node_modules\selenium-webdriver\lib\promise.js:3084:14)
                    at TaskQueue.executeNext_ (C:\Users\vbadugu\AppData\Roaming\npm\node_modules\protractor\node_modules\selenium-webdriver\lib\promise.js:3067:27)
                From: Task: Run it("should signout successfully") in control flow
                    at ControlFlow.browser.driver.controlFlow.execute (C:\Users\vbadugu\Desktop\Protractor\tests\unit\loginpage\login.js:26:23)
                    at UserContext.&lt;anonymous> (C:\Users\vbadugu\AppData\Roaming\npm\node_modules\protractor\node_modules\jasminewd2\index.js:94:19)
                    at attempt (C:\Users\vbadugu\AppData\Roaming\npm\node_modules\protractor\node_modules\jasmine-core\lib\jasmine-core\jasmine.js:4297:26)
                    at QueueRunner.run (C:\Users\vbadugu\AppData\Roaming\npm\node_modules\protractor\node_modules\jasmine-core\lib\jasmine-core\jasmine.js:4217:20)
                    at runNext (C:\Users\vbadugu\AppData\Roaming\npm\node_modules\protractor\node_modules\jasmine-core\lib\jasmine-core\jasmine.js:4257:20)
                    at C:\Users\vbadugu\AppData\Roaming\npm\node_modules\protractor\node_modules\jasmine-core\lib\jasmine-core\jasmine.js:4264:13
                    at C:\Users\vbadugu\AppData\Roaming\npm\node_modules\protractor\node_modules\jasmine-core\lib\jasmine-core\jasmine.js:4172:9
                    at C:\Users\vbadugu\AppData\Roaming\npm\node_modules\protractor\node_modules\jasminewd2\index.js:64:48
                    at ControlFlow.emit (C:\Users\vbadugu\AppData\Roaming\npm\node_modules\protractor\node_modules\selenium-webdriver\lib\events.js:62:21)
                    at ControlFlow.shutdown_ (C:\Users\vbadugu\AppData\Roaming\npm\node_modules\protractor\node_modules\selenium-webdriver\lib\promise.js:2674:10)
                From asynchronous test: 
                Error
                    at Suite.&lt;anonymous> (C:\Users\vbadugu\Desktop\Protractor\tests\unit\loginpage\login.js:120:5)
                    at addSpecsToSuite (C:\Users\vbadugu\AppData\Roaming\npm\node_modules\protractor\node_modules\jasmine-core\lib\jasmine-core\jasmine.js:1107:25)
                    at Env.describe (C:\Users\vbadugu\AppData\Roaming\npm\node_modules\protractor\node_modules\jasmine-core\lib\jasmine-core\jasmine.js:1074:7)
                    at describe (C:\Users\vbadugu\AppData\Roaming\npm\node_modules\protractor\node_modules\jasmine-core\lib\jasmine-core\jasmine.js:4399:18)
                    at Object.&lt;anonymous> (C:\Users\vbadugu\Desktop\Protractor\tests\unit\loginpage\login.js:6:1)
                    at Module._compile (module.js:570:32)
                    at Object.Module._extensions..js (module.js:579:10)
                    at Module.load (module.js:487:32)
                    at tryModuleLoad (module.js:446:12)</stack-trace>
            </failure>
        </test-case>
    </test-cases>
</ns2:test-suite>