<?xml version='1.0'?>
<ns2:test-suite xmlns:ns2='urn:model.allure.qatools.yandex.ru' start='1521120765167' stop='1521120772842'>
    <name>Protractor Demo</name>
    <title>Protractor Demo</title>
    <test-cases>
        <test-case start='1521120765167' status='failed' stop='1521120770439'>
            <name>should successfully LOGIN and SELECT A PROPERTY -Fair (Eg.,)</name>
            <title>should successfully LOGIN and SELECT A PROPERTY -Fair (Eg.,)</title>
            <labels/>
            <parameters/>
            <steps/>
            <attachments/>
            <failure>
                <message>Failed: Unable to get browser
                Build info: version: '3.11.0', revision: 'e59cfb3', time: '2018-03-11T20:33:15.31Z'
                System info: host: 'RPIPL2-DT-HP018', ip: '10.13.104.31', os.name: 'Windows 10', os.arch: 'amd64', os.version: '10.0', java.version: '1.8.0_131'
                Driver info: driver.version: unknown</message>
                <stack-trace>NoSuchWindowError: Unable to get browser
                Build info: version: '3.11.0', revision: 'e59cfb3', time: '2018-03-11T20:33:15.31Z'
                System info: host: 'RPIPL2-DT-HP018', ip: '10.13.104.31', os.name: 'Windows 10', os.arch: 'amd64', os.version: '10.0', java.version: '1.8.0_131'
                Driver info: driver.version: unknown
                    at WebDriverError (C:\Users\vbadugu\AppData\Roaming\npm\node_modules\protractor\node_modules\selenium-webdriver\lib\error.js:27:5)
                    at NoSuchWindowError (C:\Users\vbadugu\AppData\Roaming\npm\node_modules\protractor\node_modules\selenium-webdriver\lib\error.js:216:5)
                    at Object.checkLegacyResponse (C:\Users\vbadugu\AppData\Roaming\npm\node_modules\protractor\node_modules\selenium-webdriver\lib\error.js:546:15)
                    at parseHttpResponse (C:\Users\vbadugu\AppData\Roaming\npm\node_modules\protractor\node_modules\selenium-webdriver\lib\http.js:509:13)
                    at doSend.then.response (C:\Users\vbadugu\AppData\Roaming\npm\node_modules\protractor\node_modules\selenium-webdriver\lib\http.js:441:30)
                    at process._tickCallback (internal/process/next_tick.js:109:7)
                From: Task: WebDriver.executeScript()
                    at ControlFlow.browser.driver.controlFlow.execute (C:\Users\vbadugu\Desktop\Protractor\tests\unit\loginpage\login.js:26:23)
                    at thenableWebDriverProxy.schedule (C:\Users\vbadugu\AppData\Roaming\npm\node_modules\protractor\node_modules\selenium-webdriver\lib\webdriver.js:807:17)
                    at thenableWebDriverProxy.executeScript (C:\Users\vbadugu\AppData\Roaming\npm\node_modules\protractor\node_modules\selenium-webdriver\lib\webdriver.js:878:16)
                    at C:\Users\vbadugu\AppData\Roaming\npm\node_modules\protractor\node_modules\selenium-webdriver\lib\by.js:191:35
                    at call (C:\Users\vbadugu\AppData\Roaming\npm\node_modules\protractor\node_modules\selenium-webdriver\lib\webdriver.js:1068:28)
                    at C:\Users\vbadugu\AppData\Roaming\npm\node_modules\protractor\node_modules\selenium-webdriver\lib\webdriver.js:907:19
                    at ManagedPromise.invokeCallback_ (C:\Users\vbadugu\AppData\Roaming\npm\node_modules\protractor\node_modules\selenium-webdriver\lib\promise.js:1376:14)
                    at TaskQueue.execute_ (C:\Users\vbadugu\AppData\Roaming\npm\node_modules\protractor\node_modules\selenium-webdriver\lib\promise.js:3084:14)
                    at TaskQueue.executeNext_ (C:\Users\vbadugu\AppData\Roaming\npm\node_modules\protractor\node_modules\selenium-webdriver\lib\promise.js:3067:27)
                    at asyncRun (C:\Users\vbadugu\AppData\Roaming\npm\node_modules\protractor\node_modules\selenium-webdriver\lib\promise.js:2974:25)
                From: Task: WebDriver.call(function)
                    at ControlFlow.browser.driver.controlFlow.execute (C:\Users\vbadugu\Desktop\Protractor\tests\unit\loginpage\login.js:26:23)
                    at thenableWebDriverProxy.call (C:\Users\vbadugu\AppData\Roaming\npm\node_modules\protractor\node_modules\selenium-webdriver\lib\webdriver.js:901:23)
                    at thenableWebDriverProxy.findElementsInternal_ (C:\Users\vbadugu\AppData\Roaming\npm\node_modules\protractor\node_modules\selenium-webdriver\lib\webdriver.js:1068:17)
                    at thenableWebDriverProxy.findElements (C:\Users\vbadugu\AppData\Roaming\npm\node_modules\protractor\node_modules\selenium-webdriver\lib\webdriver.js:1043:19)
                    at Object.findElementsOverride (C:\Users\vbadugu\AppData\Roaming\npm\node_modules\protractor\built\locators.js:177:31)
                    at ptor.waitForAngular.then (C:\Users\vbadugu\AppData\Roaming\npm\node_modules\protractor\built\element.js:156:40)
                    at ManagedPromise.invokeCallback_ (C:\Users\vbadugu\AppData\Roaming\npm\node_modules\protractor\node_modules\selenium-webdriver\lib\promise.js:1376:14)
                    at TaskQueue.execute_ (C:\Users\vbadugu\AppData\Roaming\npm\node_modules\protractor\node_modules\selenium-webdriver\lib\promise.js:3084:14)
                    at TaskQueue.executeNext_ (C:\Users\vbadugu\AppData\Roaming\npm\node_modules\protractor\node_modules\selenium-webdriver\lib\promise.js:3067:27)
                    at asyncRun (C:\Users\vbadugu\AppData\Roaming\npm\node_modules\protractor\node_modules\selenium-webdriver\lib\promise.js:2927:27)Error
                    at ElementArrayFinder.applyAction_ (C:\Users\vbadugu\AppData\Roaming\npm\node_modules\protractor\built\element.js:459:27)
                    at ElementArrayFinder.(anonymous function) [as sendKeys] (C:\Users\vbadugu\AppData\Roaming\npm\node_modules\protractor\built\element.js:91:29)
                    at ElementFinder.(anonymous function) [as sendKeys] (C:\Users\vbadugu\AppData\Roaming\npm\node_modules\protractor\built\element.js:831:22)
                    at UserContext.&lt;anonymous> (C:\Users\vbadugu\Desktop\Protractor\tests\unit\loginpage\login.js:42:15)
                    at C:\Users\vbadugu\AppData\Roaming\npm\node_modules\protractor\node_modules\jasminewd2\index.js:112:25
                    at new ManagedPromise (C:\Users\vbadugu\AppData\Roaming\npm\node_modules\protractor\node_modules\selenium-webdriver\lib\promise.js:1077:7)
                    at ControlFlow.promise (C:\Users\vbadugu\AppData\Roaming\npm\node_modules\protractor\node_modules\selenium-webdriver\lib\promise.js:2505:12)
                    at schedulerExecute (C:\Users\vbadugu\AppData\Roaming\npm\node_modules\protractor\node_modules\jasminewd2\index.js:95:18)
                    at TaskQueue.execute_ (C:\Users\vbadugu\AppData\Roaming\npm\node_modules\protractor\node_modules\selenium-webdriver\lib\promise.js:3084:14)
                    at TaskQueue.executeNext_ (C:\Users\vbadugu\AppData\Roaming\npm\node_modules\protractor\node_modules\selenium-webdriver\lib\promise.js:3067:27)
                From: Task: Run it("should successfully LOGIN and SELECT A PROPERTY -Fair (Eg.,)") in control flow
                    at ControlFlow.browser.driver.controlFlow.execute (C:\Users\vbadugu\Desktop\Protractor\tests\unit\loginpage\login.js:26:23)
                    at UserContext.&lt;anonymous> (C:\Users\vbadugu\AppData\Roaming\npm\node_modules\protractor\node_modules\jasminewd2\index.js:94:19)
                    at attempt (C:\Users\vbadugu\AppData\Roaming\npm\node_modules\protractor\node_modules\jasmine-core\lib\jasmine-core\jasmine.js:4297:26)
                    at QueueRunner.run (C:\Users\vbadugu\AppData\Roaming\npm\node_modules\protractor\node_modules\jasmine-core\lib\jasmine-core\jasmine.js:4217:20)
                    at runNext (C:\Users\vbadugu\AppData\Roaming\npm\node_modules\protractor\node_modules\jasmine-core\lib\jasmine-core\jasmine.js:4257:20)
                    at C:\Users\vbadugu\AppData\Roaming\npm\node_modules\protractor\node_modules\jasmine-core\lib\jasmine-core\jasmine.js:4264:13
                    at C:\Users\vbadugu\AppData\Roaming\npm\node_modules\protractor\node_modules\jasmine-core\lib\jasmine-core\jasmine.js:4172:9
                    at C:\Users\vbadugu\AppData\Roaming\npm\node_modules\protractor\node_modules\jasminewd2\index.js:64:48
                    at ControlFlow.emit (C:\Users\vbadugu\AppData\Roaming\npm\node_modules\protractor\node_modules\selenium-webdriver\lib\events.js:62:21)
                    at ControlFlow.shutdown_ (C:\Users\vbadugu\AppData\Roaming\npm\node_modules\protractor\node_modules\selenium-webdriver\lib\promise.js:2674:10)
                From asynchronous test: 
                Error
                    at Suite.&lt;anonymous> (C:\Users\vbadugu\Desktop\Protractor\tests\unit\loginpage\login.js:39:5)
                    at addSpecsToSuite (C:\Users\vbadugu\AppData\Roaming\npm\node_modules\protractor\node_modules\jasmine-core\lib\jasmine-core\jasmine.js:1107:25)
                    at Env.describe (C:\Users\vbadugu\AppData\Roaming\npm\node_modules\protractor\node_modules\jasmine-core\lib\jasmine-core\jasmine.js:1074:7)
                    at describe (C:\Users\vbadugu\AppData\Roaming\npm\node_modules\protractor\node_modules\jasmine-core\lib\jasmine-core\jasmine.js:4399:18)
                    at Object.&lt;anonymous> (C:\Users\vbadugu\Desktop\Protractor\tests\unit\loginpage\login.js:6:1)
                    at Module._compile (module.js:570:32)
                    at Object.Module._extensions..js (module.js:579:10)
                    at Module.load (module.js:487:32)
                    at tryModuleLoad (module.js:446:12)</stack-trace>
            </failure>
        </test-case>
        <test-case start='1521120770439' status='failed' stop='1521120771227'>
            <name>should navigate to BUDGETING Page successfully</name>
            <title>should navigate to BUDGETING Page successfully</title>
            <labels/>
            <parameters/>
            <steps/>
            <attachments/>
            <failure>
                <message>Failed: Currently focused window has been closed.
                Build info: version: '3.11.0', revision: 'e59cfb3', time: '2018-03-11T20:33:15.31Z'
                System info: host: 'RPIPL2-DT-HP018', ip: '10.13.104.31', os.name: 'Windows 10', os.arch: 'amd64', os.version: '10.0', java.version: '1.8.0_131'
                Driver info: driver.version: unknown</message>
                <stack-trace>NoSuchWindowError: Currently focused window has been closed.
                Build info: version: '3.11.0', revision: 'e59cfb3', time: '2018-03-11T20:33:15.31Z'
                System info: host: 'RPIPL2-DT-HP018', ip: '10.13.104.31', os.name: 'Windows 10', os.arch: 'amd64', os.version: '10.0', java.version: '1.8.0_131'
                Driver info: driver.version: unknown
                    at WebDriverError (C:\Users\vbadugu\AppData\Roaming\npm\node_modules\protractor\node_modules\selenium-webdriver\lib\error.js:27:5)
                    at NoSuchWindowError (C:\Users\vbadugu\AppData\Roaming\npm\node_modules\protractor\node_modules\selenium-webdriver\lib\error.js:216:5)
                    at Object.checkLegacyResponse (C:\Users\vbadugu\AppData\Roaming\npm\node_modules\protractor\node_modules\selenium-webdriver\lib\error.js:546:15)
                    at parseHttpResponse (C:\Users\vbadugu\AppData\Roaming\npm\node_modules\protractor\node_modules\selenium-webdriver\lib\http.js:509:13)
                    at doSend.then.response (C:\Users\vbadugu\AppData\Roaming\npm\node_modules\protractor\node_modules\selenium-webdriver\lib\http.js:441:30)
                    at process._tickCallback (internal/process/next_tick.js:109:7)
                From: Task: WebDriver.findElements(By(css selector, .rp-global-nav-toggle))
                    at ControlFlow.browser.driver.controlFlow.execute (C:\Users\vbadugu\Desktop\Protractor\tests\unit\loginpage\login.js:26:23)
                    at thenableWebDriverProxy.schedule (C:\Users\vbadugu\AppData\Roaming\npm\node_modules\protractor\node_modules\selenium-webdriver\lib\webdriver.js:807:17)
                    at thenableWebDriverProxy.findElements (C:\Users\vbadugu\AppData\Roaming\npm\node_modules\protractor\node_modules\selenium-webdriver\lib\webdriver.js:1048:19)
                    at ptor.waitForAngular.then (C:\Users\vbadugu\AppData\Roaming\npm\node_modules\protractor\built\element.js:159:44)
                    at ManagedPromise.invokeCallback_ (C:\Users\vbadugu\AppData\Roaming\npm\node_modules\protractor\node_modules\selenium-webdriver\lib\promise.js:1376:14)
                    at TaskQueue.execute_ (C:\Users\vbadugu\AppData\Roaming\npm\node_modules\protractor\node_modules\selenium-webdriver\lib\promise.js:3084:14)
                    at TaskQueue.executeNext_ (C:\Users\vbadugu\AppData\Roaming\npm\node_modules\protractor\node_modules\selenium-webdriver\lib\promise.js:3067:27)
                    at asyncRun (C:\Users\vbadugu\AppData\Roaming\npm\node_modules\protractor\node_modules\selenium-webdriver\lib\promise.js:2927:27)
                    at C:\Users\vbadugu\AppData\Roaming\npm\node_modules\protractor\node_modules\selenium-webdriver\lib\promise.js:668:7Error
                    at ElementArrayFinder.applyAction_ (C:\Users\vbadugu\AppData\Roaming\npm\node_modules\protractor\built\element.js:459:27)
                    at ElementArrayFinder.(anonymous function) [as click] (C:\Users\vbadugu\AppData\Roaming\npm\node_modules\protractor\built\element.js:91:29)
                    at ElementFinder.(anonymous function) [as click] (C:\Users\vbadugu\AppData\Roaming\npm\node_modules\protractor\built\element.js:831:22)
                    at UserContext.&lt;anonymous> (C:\Users\vbadugu\Desktop\Protractor\tests\unit\loginpage\login.js:101:50)
                    at C:\Users\vbadugu\AppData\Roaming\npm\node_modules\protractor\node_modules\jasminewd2\index.js:112:25
                    at new ManagedPromise (C:\Users\vbadugu\AppData\Roaming\npm\node_modules\protractor\node_modules\selenium-webdriver\lib\promise.js:1077:7)
                    at ControlFlow.promise (C:\Users\vbadugu\AppData\Roaming\npm\node_modules\protractor\node_modules\selenium-webdriver\lib\promise.js:2505:12)
                    at schedulerExecute (C:\Users\vbadugu\AppData\Roaming\npm\node_modules\protractor\node_modules\jasminewd2\index.js:95:18)
                    at TaskQueue.execute_ (C:\Users\vbadugu\AppData\Roaming\npm\node_modules\protractor\node_modules\selenium-webdriver\lib\promise.js:3084:14)
                    at TaskQueue.executeNext_ (C:\Users\vbadugu\AppData\Roaming\npm\node_modules\protractor\node_modules\selenium-webdriver\lib\promise.js:3067:27)
                From: Task: Run it("should navigate to BUDGETING Page successfully") in control flow
                    at ControlFlow.browser.driver.controlFlow.execute (C:\Users\vbadugu\Desktop\Protractor\tests\unit\loginpage\login.js:26:23)
                    at UserContext.&lt;anonymous> (C:\Users\vbadugu\AppData\Roaming\npm\node_modules\protractor\node_modules\jasminewd2\index.js:94:19)
                    at attempt (C:\Users\vbadugu\AppData\Roaming\npm\node_modules\protractor\node_modules\jasmine-core\lib\jasmine-core\jasmine.js:4297:26)
                    at QueueRunner.run (C:\Users\vbadugu\AppData\Roaming\npm\node_modules\protractor\node_modules\jasmine-core\lib\jasmine-core\jasmine.js:4217:20)
                    at runNext (C:\Users\vbadugu\AppData\Roaming\npm\node_modules\protractor\node_modules\jasmine-core\lib\jasmine-core\jasmine.js:4257:20)
                    at C:\Users\vbadugu\AppData\Roaming\npm\node_modules\protractor\node_modules\jasmine-core\lib\jasmine-core\jasmine.js:4264:13
                    at C:\Users\vbadugu\AppData\Roaming\npm\node_modules\protractor\node_modules\jasmine-core\lib\jasmine-core\jasmine.js:4172:9
                    at C:\Users\vbadugu\AppData\Roaming\npm\node_modules\protractor\node_modules\jasminewd2\index.js:64:48
                    at ControlFlow.emit (C:\Users\vbadugu\AppData\Roaming\npm\node_modules\protractor\node_modules\selenium-webdriver\lib\events.js:62:21)
                    at ControlFlow.shutdown_ (C:\Users\vbadugu\AppData\Roaming\npm\node_modules\protractor\node_modules\selenium-webdriver\lib\promise.js:2674:10)
                From asynchronous test: 
                Error
                    at Suite.&lt;anonymous> (C:\Users\vbadugu\Desktop\Protractor\tests\unit\loginpage\login.js:99:5)
                    at addSpecsToSuite (C:\Users\vbadugu\AppData\Roaming\npm\node_modules\protractor\node_modules\jasmine-core\lib\jasmine-core\jasmine.js:1107:25)
                    at Env.describe (C:\Users\vbadugu\AppData\Roaming\npm\node_modules\protractor\node_modules\jasmine-core\lib\jasmine-core\jasmine.js:1074:7)
                    at describe (C:\Users\vbadugu\AppData\Roaming\npm\node_modules\protractor\node_modules\jasmine-core\lib\jasmine-core\jasmine.js:4399:18)
                    at Object.&lt;anonymous> (C:\Users\vbadugu\Desktop\Protractor\tests\unit\loginpage\login.js:6:1)
                    at Module._compile (module.js:570:32)
                    at Object.Module._extensions..js (module.js:579:10)
                    at Module.load (module.js:487:32)
                    at tryModuleLoad (module.js:446:12)</stack-trace>
            </failure>
        </test-case>
        <test-case start='1521120771227' status='failed' stop='1521120772024'>
            <name>should navigate to BUDGETING Page and verify product Name</name>
            <title>should navigate to BUDGETING Page and verify product Name</title>
            <labels/>
            <parameters/>
            <steps/>
            <attachments/>
            <failure>
                <message>Failed: Currently focused window has been closed.
                Build info: version: '3.11.0', revision: 'e59cfb3', time: '2018-03-11T20:33:15.31Z'
                System info: host: 'RPIPL2-DT-HP018', ip: '10.13.104.31', os.name: 'Windows 10', os.arch: 'amd64', os.version: '10.0', java.version: '1.8.0_131'
                Driver info: driver.version: unknown</message>
                <stack-trace>NoSuchWindowError: Currently focused window has been closed.
                Build info: version: '3.11.0', revision: 'e59cfb3', time: '2018-03-11T20:33:15.31Z'
                System info: host: 'RPIPL2-DT-HP018', ip: '10.13.104.31', os.name: 'Windows 10', os.arch: 'amd64', os.version: '10.0', java.version: '1.8.0_131'
                Driver info: driver.version: unknown
                    at WebDriverError (C:\Users\vbadugu\AppData\Roaming\npm\node_modules\protractor\node_modules\selenium-webdriver\lib\error.js:27:5)
                    at NoSuchWindowError (C:\Users\vbadugu\AppData\Roaming\npm\node_modules\protractor\node_modules\selenium-webdriver\lib\error.js:216:5)
                    at Object.checkLegacyResponse (C:\Users\vbadugu\AppData\Roaming\npm\node_modules\protractor\node_modules\selenium-webdriver\lib\error.js:546:15)
                    at parseHttpResponse (C:\Users\vbadugu\AppData\Roaming\npm\node_modules\protractor\node_modules\selenium-webdriver\lib\http.js:509:13)
                    at doSend.then.response (C:\Users\vbadugu\AppData\Roaming\npm\node_modules\protractor\node_modules\selenium-webdriver\lib\http.js:441:30)
                    at process._tickCallback (internal/process/next_tick.js:109:7)
                From: Task: WebDriver.findElements(By(css selector, .product-name))
                    at ControlFlow.browser.driver.controlFlow.execute (C:\Users\vbadugu\Desktop\Protractor\tests\unit\loginpage\login.js:26:23)
                    at thenableWebDriverProxy.schedule (C:\Users\vbadugu\AppData\Roaming\npm\node_modules\protractor\node_modules\selenium-webdriver\lib\webdriver.js:807:17)
                    at thenableWebDriverProxy.findElements (C:\Users\vbadugu\AppData\Roaming\npm\node_modules\protractor\node_modules\selenium-webdriver\lib\webdriver.js:1048:19)
                    at ptor.waitForAngular.then (C:\Users\vbadugu\AppData\Roaming\npm\node_modules\protractor\built\element.js:159:44)
                    at ManagedPromise.invokeCallback_ (C:\Users\vbadugu\AppData\Roaming\npm\node_modules\protractor\node_modules\selenium-webdriver\lib\promise.js:1376:14)
                    at TaskQueue.execute_ (C:\Users\vbadugu\AppData\Roaming\npm\node_modules\protractor\node_modules\selenium-webdriver\lib\promise.js:3084:14)
                    at TaskQueue.executeNext_ (C:\Users\vbadugu\AppData\Roaming\npm\node_modules\protractor\node_modules\selenium-webdriver\lib\promise.js:3067:27)
                    at asyncRun (C:\Users\vbadugu\AppData\Roaming\npm\node_modules\protractor\node_modules\selenium-webdriver\lib\promise.js:2927:27)
                    at C:\Users\vbadugu\AppData\Roaming\npm\node_modules\protractor\node_modules\selenium-webdriver\lib\promise.js:668:7Error
                    at ElementArrayFinder.applyAction_ (C:\Users\vbadugu\AppData\Roaming\npm\node_modules\protractor\built\element.js:459:27)
                    at ElementArrayFinder.(anonymous function) [as getText] (C:\Users\vbadugu\AppData\Roaming\npm\node_modules\protractor\built\element.js:91:29)
                    at ElementFinder.(anonymous function) [as getText] (C:\Users\vbadugu\AppData\Roaming\npm\node_modules\protractor\built\element.js:831:22)
                    at UserContext.&lt;anonymous> (C:\Users\vbadugu\Desktop\Protractor\tests\unit\loginpage\login.js:112:19)
                    at C:\Users\vbadugu\AppData\Roaming\npm\node_modules\protractor\node_modules\jasminewd2\index.js:112:25
                    at new ManagedPromise (C:\Users\vbadugu\AppData\Roaming\npm\node_modules\protractor\node_modules\selenium-webdriver\lib\promise.js:1077:7)
                    at ControlFlow.promise (C:\Users\vbadugu\AppData\Roaming\npm\node_modules\protractor\node_modules\selenium-webdriver\lib\promise.js:2505:12)
                    at schedulerExecute (C:\Users\vbadugu\AppData\Roaming\npm\node_modules\protractor\node_modules\jasminewd2\index.js:95:18)
                    at TaskQueue.execute_ (C:\Users\vbadugu\AppData\Roaming\npm\node_modules\protractor\node_modules\selenium-webdriver\lib\promise.js:3084:14)
                    at TaskQueue.executeNext_ (C:\Users\vbadugu\AppData\Roaming\npm\node_modules\protractor\node_modules\selenium-webdriver\lib\promise.js:3067:27)
                From: Task: Run it("should navigate to BUDGETING Page and verify product Name") in control flow
                    at ControlFlow.browser.driver.controlFlow.execute (C:\Users\vbadugu\Desktop\Protractor\tests\unit\loginpage\login.js:26:23)
                    at UserContext.&lt;anonymous> (C:\Users\vbadugu\AppData\Roaming\npm\node_modules\protractor\node_modules\jasminewd2\index.js:94:19)
                    at attempt (C:\Users\vbadugu\AppData\Roaming\npm\node_modules\protractor\node_modules\jasmine-core\lib\jasmine-core\jasmine.js:4297:26)
                    at QueueRunner.run (C:\Users\vbadugu\AppData\Roaming\npm\node_modules\protractor\node_modules\jasmine-core\lib\jasmine-core\jasmine.js:4217:20)
                    at runNext (C:\Users\vbadugu\AppData\Roaming\npm\node_modules\protractor\node_modules\jasmine-core\lib\jasmine-core\jasmine.js:4257:20)
                    at C:\Users\vbadugu\AppData\Roaming\npm\node_modules\protractor\node_modules\jasmine-core\lib\jasmine-core\jasmine.js:4264:13
                    at C:\Users\vbadugu\AppData\Roaming\npm\node_modules\protractor\node_modules\jasmine-core\lib\jasmine-core\jasmine.js:4172:9
                    at C:\Users\vbadugu\AppData\Roaming\npm\node_modules\protractor\node_modules\jasminewd2\index.js:64:48
                    at ControlFlow.emit (C:\Users\vbadugu\AppData\Roaming\npm\node_modules\protractor\node_modules\selenium-webdriver\lib\events.js:62:21)
                    at ControlFlow.shutdown_ (C:\Users\vbadugu\AppData\Roaming\npm\node_modules\protractor\node_modules\selenium-webdriver\lib\promise.js:2674:10)
                From asynchronous test: 
                Error
                    at Suite.&lt;anonymous> (C:\Users\vbadugu\Desktop\Protractor\tests\unit\loginpage\login.js:108:5)
                    at addSpecsToSuite (C:\Users\vbadugu\AppData\Roaming\npm\node_modules\protractor\node_modules\jasmine-core\lib\jasmine-core\jasmine.js:1107:25)
                    at Env.describe (C:\Users\vbadugu\AppData\Roaming\npm\node_modules\protractor\node_modules\jasmine-core\lib\jasmine-core\jasmine.js:1074:7)
                    at describe (C:\Users\vbadugu\AppData\Roaming\npm\node_modules\protractor\node_modules\jasmine-core\lib\jasmine-core\jasmine.js:4399:18)
                    at Object.&lt;anonymous> (C:\Users\vbadugu\Desktop\Protractor\tests\unit\loginpage\login.js:6:1)
                    at Module._compile (module.js:570:32)
                    at Object.Module._extensions..js (module.js:579:10)
                    at Module.load (module.js:487:32)
                    at tryModuleLoad (module.js:446:12)</stack-trace>
            </failure>
        </test-case>
        <test-case start='1521120772024' status='failed' stop='1521120772842'>
            <name>should signout successfully</name>
            <title>should signout successfully</title>
            <labels/>
            <parameters/>
            <steps/>
            <attachments/>
            <failure>
                <message>Failed: Currently focused window has been closed.
                Build info: version: '3.11.0', revision: 'e59cfb3', time: '2018-03-11T20:33:15.31Z'
                System info: host: 'RPIPL2-DT-HP018', ip: '10.13.104.31', os.name: 'Windows 10', os.arch: 'amd64', os.version: '10.0', java.version: '1.8.0_131'
                Driver info: driver.version: unknown</message>
                <stack-trace>NoSuchWindowError: Currently focused window has been closed.
                Build info: version: '3.11.0', revision: 'e59cfb3', time: '2018-03-11T20:33:15.31Z'
                System info: host: 'RPIPL2-DT-HP018', ip: '10.13.104.31', os.name: 'Windows 10', os.arch: 'amd64', os.version: '10.0', java.version: '1.8.0_131'
                Driver info: driver.version: unknown
                    at WebDriverError (C:\Users\vbadugu\AppData\Roaming\npm\node_modules\protractor\node_modules\selenium-webdriver\lib\error.js:27:5)
                    at NoSuchWindowError (C:\Users\vbadugu\AppData\Roaming\npm\node_modules\protractor\node_modules\selenium-webdriver\lib\error.js:216:5)
                    at Object.checkLegacyResponse (C:\Users\vbadugu\AppData\Roaming\npm\node_modules\protractor\node_modules\selenium-webdriver\lib\error.js:546:15)
                    at parseHttpResponse (C:\Users\vbadugu\AppData\Roaming\npm\node_modules\protractor\node_modules\selenium-webdriver\lib\http.js:509:13)
                    at doSend.then.response (C:\Users\vbadugu\AppData\Roaming\npm\node_modules\protractor\node_modules\selenium-webdriver\lib\http.js:441:30)
                    at process._tickCallback (internal/process/next_tick.js:109:7)
                From: Task: WebDriver.findElements(By(css selector, .rp-gh-user-name))
                    at ControlFlow.browser.driver.controlFlow.execute (C:\Users\vbadugu\Desktop\Protractor\tests\unit\loginpage\login.js:26:23)
                    at thenableWebDriverProxy.schedule (C:\Users\vbadugu\AppData\Roaming\npm\node_modules\protractor\node_modules\selenium-webdriver\lib\webdriver.js:807:17)
                    at thenableWebDriverProxy.findElements (C:\Users\vbadugu\AppData\Roaming\npm\node_modules\protractor\node_modules\selenium-webdriver\lib\webdriver.js:1048:19)
                    at ptor.waitForAngular.then (C:\Users\vbadugu\AppData\Roaming\npm\node_modules\protractor\built\element.js:159:44)
                    at ManagedPromise.invokeCallback_ (C:\Users\vbadugu\AppData\Roaming\npm\node_modules\protractor\node_modules\selenium-webdriver\lib\promise.js:1376:14)
                    at TaskQueue.execute_ (C:\Users\vbadugu\AppData\Roaming\npm\node_modules\protractor\node_modules\selenium-webdriver\lib\promise.js:3084:14)
                    at TaskQueue.executeNext_ (C:\Users\vbadugu\AppData\Roaming\npm\node_modules\protractor\node_modules\selenium-webdriver\lib\promise.js:3067:27)
                    at asyncRun (C:\Users\vbadugu\AppData\Roaming\npm\node_modules\protractor\node_modules\selenium-webdriver\lib\promise.js:2927:27)
                    at C:\Users\vbadugu\AppData\Roaming\npm\node_modules\protractor\node_modules\selenium-webdriver\lib\promise.js:668:7Error
                    at ElementArrayFinder.applyAction_ (C:\Users\vbadugu\AppData\Roaming\npm\node_modules\protractor\built\element.js:459:27)
                    at ElementArrayFinder.(anonymous function) [as click] (C:\Users\vbadugu\AppData\Roaming\npm\node_modules\protractor\built\element.js:91:29)
                    at ElementFinder.(anonymous function) [as click] (C:\Users\vbadugu\AppData\Roaming\npm\node_modules\protractor\built\element.js:831:22)
                    at UserContext.&lt;anonymous> (C:\Users\vbadugu\Desktop\Protractor\tests\unit\loginpage\login.js:122:45)
                    at C:\Users\vbadugu\AppData\Roaming\npm\node_modules\protractor\node_modules\jasminewd2\index.js:112:25
                    at new ManagedPromise (C:\Users\vbadugu\AppData\Roaming\npm\node_modules\protractor\node_modules\selenium-webdriver\lib\promise.js:1077:7)
                    at ControlFlow.promise (C:\Users\vbadugu\AppData\Roaming\npm\node_modules\protractor\node_modules\selenium-webdriver\lib\promise.js:2505:12)
                    at schedulerExecute (C:\Users\vbadugu\AppData\Roaming\npm\node_modules\protractor\node_modules\jasminewd2\index.js:95:18)
                    at TaskQueue.execute_ (C:\Users\vbadugu\AppData\Roaming\npm\node_modules\protractor\node_modules\selenium-webdriver\lib\promise.js:3084:14)
                    at TaskQueue.executeNext_ (C:\Users\vbadugu\AppData\Roaming\npm\node_modules\protractor\node_modules\selenium-webdriver\lib\promise.js:3067:27)
                From: Task: Run it("should signout successfully") in control flow
                    at ControlFlow.browser.driver.controlFlow.execute (C:\Users\vbadugu\Desktop\Protractor\tests\unit\loginpage\login.js:26:23)
                    at UserContext.&lt;anonymous> (C:\Users\vbadugu\AppData\Roaming\npm\node_modules\protractor\node_modules\jasminewd2\index.js:94:19)
                    at attempt (C:\Users\vbadugu\AppData\Roaming\npm\node_modules\protractor\node_modules\jasmine-core\lib\jasmine-core\jasmine.js:4297:26)
                    at QueueRunner.run (C:\Users\vbadugu\AppData\Roaming\npm\node_modules\protractor\node_modules\jasmine-core\lib\jasmine-core\jasmine.js:4217:20)
                    at runNext (C:\Users\vbadugu\AppData\Roaming\npm\node_modules\protractor\node_modules\jasmine-core\lib\jasmine-core\jasmine.js:4257:20)
                    at C:\Users\vbadugu\AppData\Roaming\npm\node_modules\protractor\node_modules\jasmine-core\lib\jasmine-core\jasmine.js:4264:13
                    at C:\Users\vbadugu\AppData\Roaming\npm\node_modules\protractor\node_modules\jasmine-core\lib\jasmine-core\jasmine.js:4172:9
                    at C:\Users\vbadugu\AppData\Roaming\npm\node_modules\protractor\node_modules\jasminewd2\index.js:64:48
                    at ControlFlow.emit (C:\Users\vbadugu\AppData\Roaming\npm\node_modules\protractor\node_modules\selenium-webdriver\lib\events.js:62:21)
                    at ControlFlow.shutdown_ (C:\Users\vbadugu\AppData\Roaming\npm\node_modules\protractor\node_modules\selenium-webdriver\lib\promise.js:2674:10)
                From asynchronous test: 
                Error
                    at Suite.&lt;anonymous> (C:\Users\vbadugu\Desktop\Protractor\tests\unit\loginpage\login.js:120:5)
                    at addSpecsToSuite (C:\Users\vbadugu\AppData\Roaming\npm\node_modules\protractor\node_modules\jasmine-core\lib\jasmine-core\jasmine.js:1107:25)
                    at Env.describe (C:\Users\vbadugu\AppData\Roaming\npm\node_modules\protractor\node_modules\jasmine-core\lib\jasmine-core\jasmine.js:1074:7)
                    at describe (C:\Users\vbadugu\AppData\Roaming\npm\node_modules\protractor\node_modules\jasmine-core\lib\jasmine-core\jasmine.js:4399:18)
                    at Object.&lt;anonymous> (C:\Users\vbadugu\Desktop\Protractor\tests\unit\loginpage\login.js:6:1)
                    at Module._compile (module.js:570:32)
                    at Object.Module._extensions..js (module.js:579:10)
                    at Module.load (module.js:487:32)
                    at tryModuleLoad (module.js:446:12)</stack-trace>
            </failure>
        </test-case>
    </test-cases>
</ns2:test-suite>