<?xml version='1.0'?>
<ns2:test-suite xmlns:ns2='urn:model.allure.qatools.yandex.ru' start='1521120766148' stop='1521120768284'>
    <name>Protractor Demo</name>
    <title>Protractor Demo</title>
    <test-cases>
        <test-case start='1521120766148' status='failed' stop='1521120768257'>
            <name>should successfully LOGIN and SELECT A PROPERTY -Fair (Eg.,)</name>
            <title>should successfully LOGIN and SELECT A PROPERTY -Fair (Eg.,)</title>
            <labels/>
            <parameters/>
            <steps/>
            <attachments/>
            <failure>
                <message>TypeError: Cannot read property 'ver' of null</message>
                <stack-trace>TypeError: Cannot read property 'ver' of null
                    at executeAsyncScript_.then (C:\Users\vbadugu\AppData\Roaming\npm\node_modules\protractor\built\browser.js:716:55)
                    at ManagedPromise.invokeCallback_ (C:\Users\vbadugu\AppData\Roaming\npm\node_modules\protractor\node_modules\selenium-webdriver\lib\promise.js:1376:14)
                    at TaskQueue.execute_ (C:\Users\vbadugu\AppData\Roaming\npm\node_modules\protractor\node_modules\selenium-webdriver\lib\promise.js:3084:14)
                    at TaskQueue.executeNext_ (C:\Users\vbadugu\AppData\Roaming\npm\node_modules\protractor\node_modules\selenium-webdriver\lib\promise.js:3067:27)
                    at asyncRun (C:\Users\vbadugu\AppData\Roaming\npm\node_modules\protractor\node_modules\selenium-webdriver\lib\promise.js:2927:27)
                    at C:\Users\vbadugu\AppData\Roaming\npm\node_modules\protractor\node_modules\selenium-webdriver\lib\promise.js:668:7
                    at process._tickCallback (internal/process/next_tick.js:109:7)</stack-trace>
            </failure>
        </test-case>
        <test-case start='1521120768257' status='failed' stop='1521120768268'>
            <name>should navigate to BUDGETING Page successfully</name>
            <title>should navigate to BUDGETING Page successfully</title>
            <labels/>
            <parameters/>
            <steps/>
            <attachments/>
            <failure>
                <message>Error: Timeout - Async callback was not invoked within timeout specified by jasmine.DEFAULT_TIMEOUT_INTERVAL.</message>
                <stack-trace>Error: Timeout - Async callback was not invoked within timeout specified by jasmine.DEFAULT_TIMEOUT_INTERVAL.
                    at Timeout._onTimeout (C:\Users\vbadugu\AppData\Roaming\npm\node_modules\protractor\node_modules\jasmine-core\lib\jasmine-core\jasmine.js:4281:23)
                    at ontimeout (timers.js:386:11)
                    at tryOnTimeout (timers.js:250:5)
                    at Timer.listOnTimeout (timers.js:214:5)</stack-trace>
            </failure>
        </test-case>
        <test-case start='1521120768268' status='failed' stop='1521120768277'>
            <name>should navigate to BUDGETING Page and verify product Name</name>
            <title>should navigate to BUDGETING Page and verify product Name</title>
            <labels/>
            <parameters/>
            <steps/>
            <attachments/>
            <failure>
                <message>Error: Timeout - Async callback was not invoked within timeout specified by jasmine.DEFAULT_TIMEOUT_INTERVAL.</message>
                <stack-trace>Error: Timeout - Async callback was not invoked within timeout specified by jasmine.DEFAULT_TIMEOUT_INTERVAL.
                    at Timeout._onTimeout (C:\Users\vbadugu\AppData\Roaming\npm\node_modules\protractor\node_modules\jasmine-core\lib\jasmine-core\jasmine.js:4281:23)
                    at ontimeout (timers.js:386:11)
                    at tryOnTimeout (timers.js:250:5)
                    at Timer.listOnTimeout (timers.js:214:5)</stack-trace>
            </failure>
        </test-case>
        <test-case start='1521120768277' status='failed' stop='1521120768283'>
            <name>should signout successfully</name>
            <title>should signout successfully</title>
            <labels/>
            <parameters/>
            <steps/>
            <attachments/>
            <failure>
                <message>Error: Timeout - Async callback was not invoked within timeout specified by jasmine.DEFAULT_TIMEOUT_INTERVAL.</message>
                <stack-trace>Error: Timeout - Async callback was not invoked within timeout specified by jasmine.DEFAULT_TIMEOUT_INTERVAL.
                    at Timeout._onTimeout (C:\Users\vbadugu\AppData\Roaming\npm\node_modules\protractor\node_modules\jasmine-core\lib\jasmine-core\jasmine.js:4281:23)
                    at ontimeout (timers.js:386:11)
                    at tryOnTimeout (timers.js:250:5)
                    at Timer.listOnTimeout (timers.js:214:5)</stack-trace>
            </failure>
        </test-case>
    </test-cases>
</ns2:test-suite>